app/build/outputs/logs/manifest-merger-debug-report.txt
-- Merging decision tree log ---
manifest
ADDED from src\main\AndroidManifest.xml:2:1-87:12
	package
		ADDED from src\main\AndroidManifest.xml:3:5-31
		INJECTED from src\main\AndroidManifest.xml
		INJECTED from src\main\AndroidManifest.xml
	android:versionName
		ADDED from src\main\AndroidManifest.xml:5:5-57
		INJECTED from src\main\AndroidManifest.xml
		INJECTED from src\main\AndroidManifest.xml
	android:versionCode
		ADDED from src\main\AndroidManifest.xml:4:5-28
		INJECTED from src\main\AndroidManifest.xml
		INJECTED from src\main\AndroidManifest.xml
	xmlns:android
		ADDED from src\main\AndroidManifest.xml:2:11-69
uses-permission#android.permission.CAMERA
ADDED from src\main\AndroidManifest.xml:7:5-64
	android:name
		ADDED from src\main\AndroidManifest.xml:7:22-62
uses-permission#android.permission.RECORD_AUDIO
ADDED from src\main\AndroidManifest.xml:8:5-70
	android:name
		ADDED from src\main\AndroidManifest.xml:8:22-68
uses-permission#android.permission.MOUNT_UNMOUNT_FILESYSTEMS
ADDED from src\main\AndroidManifest.xml:10:5-84
	android:name
		ADDED from src\main\AndroidManifest.xml:10:22-81
uses-permission#android.permission.WRITE_EXTERNAL_STORAGE
ADDED from src\main\AndroidManifest.xml:12:5-81
	android:name
		ADDED from src\main\AndroidManifest.xml:12:22-78
uses-permission#android.permission.READ_EXTERNAL_STORAGE
ADDED from src\main\AndroidManifest.xml:14:5-80
	android:name
		ADDED from src\main\AndroidManifest.xml:14:22-77
uses-sdk
ADDED from src\main\AndroidManifest.xml:15:5-17:41
MERGED from [com.android.support:appcompat-v7:20.0.0] AndroidManifest.xml:16:5-42
MERGED from [com.android.support:support-v4:20.0.0] AndroidManifest.xml:16:5-42
	android:targetSdkVersion
		ADDED from src\main\AndroidManifest.xml:17:9-38
		INJECTED from src\main\AndroidManifest.xml
		INJECTED from src\main\AndroidManifest.xml
	android:minSdkVersion
		ADDED from src\main\AndroidManifest.xml:16:9-35
		INJECTED from src\main\AndroidManifest.xml
		INJECTED from src\main\AndroidManifest.xml
application
ADDED from src\main\AndroidManifest.xml:19:5-85:19
MERGED from [com.android.support:appcompat-v7:20.0.0] AndroidManifest.xml:17:5-19
MERGED from [com.android.support:support-v4:20.0.0] AndroidManifest.xml:17:5-19
	android:label
		ADDED from src\main\AndroidManifest.xml:22:9-41
	android:allowBackup
		ADDED from src\main\AndroidManifest.xml:20:9-35
	android:icon
		ADDED from src\main\AndroidManifest.xml:21:9-45
	android:theme
		ADDED from src\main\AndroidManifest.xml:23:9-40
activity#com.crg.doorbell.main.ui.MainActivity
ADDED from src\main\AndroidManifest.xml:24:9-33:20
	android:screenOrientation
		ADDED from src\main\AndroidManifest.xml:26:13-50
	android:label
		ADDED from src\main\AndroidManifest.xml:27:13-45
	android:name
		ADDED from src\main\AndroidManifest.xml:25:13-49
intent-filter#android.intent.action.MAIN+android.intent.category.LAUNCHER
ADDED from src\main\AndroidManifest.xml:28:13-32:29
action#android.intent.action.MAIN
ADDED from src\main\AndroidManifest.xml:29:17-69
	android:name
		ADDED from src\main\AndroidManifest.xml:29:25-66
category#android.intent.category.LAUNCHER
ADDED from src\main\AndroidManifest.xml:31:17-77
	android:name
		ADDED from src\main\AndroidManifest.xml:31:27-74
activity#com.crg.doorbell.main.ui.CameraPreview
ADDED from src\main\AndroidManifest.xml:34:9-38:20
	android:screenOrientation
		ADDED from src\main\AndroidManifest.xml:36:13-50
	android:name
		ADDED from src\main\AndroidManifest.xml:35:13-66
activity#com.crg.doorbell.main.ui.MenuActivity
ADDED from src\main\AndroidManifest.xml:39:9-44:20
	android:screenOrientation
		ADDED from src\main\AndroidManifest.xml:41:13-50
	android:name
		ADDED from src\main\AndroidManifest.xml:40:13-65
activity#com.crg.doorbell.main.ui.ImageActivity
ADDED from src\main\AndroidManifest.xml:45:9-49:20
	android:screenOrientation
		ADDED from src\main\AndroidManifest.xml:47:13-50
	android:name
		ADDED from src\main\AndroidManifest.xml:46:13-66
activity#com.crg.doorbell.main.ui.MonitoringActivity
ADDED from src\main\AndroidManifest.xml:50:9-54:20
	android:screenOrientation
		ADDED from src\main\AndroidManifest.xml:52:13-50
	android:name
		ADDED from src\main\AndroidManifest.xml:51:13-71
activity#com.crg.doorbell.main.ui.NetworkSetActivity
ADDED from src\main\AndroidManifest.xml:55:9-60:20
	android:screenOrientation
		ADDED from src\main\AndroidManifest.xml:57:13-50
	android:name
		ADDED from src\main\AndroidManifest.xml:56:13-71
activity#com.crg.doorbell.main.ui.QRCodeActivity
ADDED from src\main\AndroidManifest.xml:61:9-66:20
	android:screenOrientation
		ADDED from src\main\AndroidManifest.xml:63:13-50
	android:name
		ADDED from src\main\AndroidManifest.xml:62:13-67
activity#com.crg.doorbell.main.ui.VisitorRecordActivity
ADDED from src\main\AndroidManifest.xml:67:9-72:20
	android:screenOrientation
		ADDED from src\main\AndroidManifest.xml:69:13-50
	android:name
		ADDED from src\main\AndroidManifest.xml:68:13-74
activity#com.crg.doorbell.main.ui.FileManagementActivity
ADDED from src\main\AndroidManifest.xml:73:9-78:20
	android:screenOrientation
		ADDED from src\main\AndroidManifest.xml:75:13-50
	android:name
		ADDED from src\main\AndroidManifest.xml:74:13-75
activity#com.crg.doorbell.main.ui.SystemSetActivity
ADDED from src\main\AndroidManifest.xml:79:9-84:20
	android:screenOrientation
		ADDED from src\main\AndroidManifest.xml:81:13-50
	android:name
		ADDED from src\main\AndroidManifest.xml:80:13-70